c:\users\jimbob\documents\visual studio 2013\projects\gameobjectdatabase\gameobjectdatabase\release\main.obj
c:\users\jimbob\documents\visual studio 2013\projects\gameobjectdatabase\gameobjectdatabase\release\moc_gameobjectdatabaseuser.obj
c:\users\jimbob\documents\visual studio 2013\projects\gameobjectdatabase\gameobjectdatabase\release\moc_gameobjectdatabaseadmin.obj
c:\users\jimbob\documents\visual studio 2013\projects\gameobjectdatabase\gameobjectdatabase\release\moc_gameobjectdatabase.obj
c:\users\jimbob\documents\visual studio 2013\projects\gameobjectdatabase\gameobjectdatabase\release\gameobjectdatabaseuser.obj
c:\users\jimbob\documents\visual studio 2013\projects\gameobjectdatabase\gameobjectdatabase\release\gameobjectdatabaseadmin.obj
c:\users\jimbob\documents\visual studio 2013\projects\gameobjectdatabase\gameobjectdatabase\release\gameobjectdatabase.obj
c:\users\jimbob\documents\visual studio 2013\projects\gameobjectdatabase\gameobjectdatabase\release\database.obj
c:\users\jimbob\documents\visual studio 2013\projects\gameobjectdatabase\gameobjectdatabase\release\qrc_gameobjectdatabase.obj
c:\users\jimbob\documents\visual studio 2013\projects\gameobjectdatabase\gameobjectdatabase\generatedfiles\release\moc_gameobjectdatabase.cpp
c:\users\jimbob\documents\visual studio 2013\projects\gameobjectdatabase\gameobjectdatabase\generatedfiles\release\moc_gameobjectdatabaseuser.cpp
c:\users\jimbob\documents\visual studio 2013\projects\gameobjectdatabase\gameobjectdatabase\generatedfiles\release\moc_gameobjectdatabaseadmin.cpp
c:\users\jimbob\documents\visual studio 2013\projects\gameobjectdatabase\gameobjectdatabase\generatedfiles\qrc_gameobjectdatabase.cpp
c:\users\jimbob\documents\visual studio 2013\projects\gameobjectdatabase\gameobjectdatabase\generatedfiles\ui_gameobjectdatabaseadmin.h
c:\users\jimbob\documents\visual studio 2013\projects\gameobjectdatabase\gameobjectdatabase\generatedfiles\ui_gameobjectdatabase.h
c:\users\jimbob\documents\visual studio 2013\projects\gameobjectdatabase\gameobjectdatabase\generatedfiles\ui_viewobjectdialog.h
c:\users\jimbob\documents\visual studio 2013\projects\gameobjectdatabase\gameobjectdatabase\generatedfiles\ui_viewtabledialog.h
c:\users\jimbob\documents\visual studio 2013\projects\gameobjectdatabase\gameobjectdatabase\generatedfiles\ui_modifyobjectdialog.h
c:\users\jimbob\documents\visual studio 2013\projects\gameobjectdatabase\gameobjectdatabase\generatedfiles\ui_removeallobjectsdialog.h
c:\users\jimbob\documents\visual studio 2013\projects\gameobjectdatabase\gameobjectdatabase\generatedfiles\ui_removeobjectdialog.h
c:\users\jimbob\documents\visual studio 2013\projects\gameobjectdatabase\gameobjectdatabase\generatedfiles\ui_addobjectdialog.h
c:\users\jimbob\documents\visual studio 2013\projects\gameobjectdatabase\gameobjectdatabase\generatedfiles\ui_generateobjectsdialog.h
c:\users\jimbob\documents\visual studio 2013\projects\gameobjectdatabase\gameobjectdatabase\generatedfiles\ui_gameobjectdatabaseuser.h
c:\users\jimbob\documents\visual studio 2013\projects\gameobjectdatabase\win32\release\gameobjectdatabase.exe
c:\users\jimbob\documents\visual studio 2013\projects\gameobjectdatabase\gameobjectdatabase\release\gameobje.b12702ad.tlog\cl.command.1.tlog
c:\users\jimbob\documents\visual studio 2013\projects\gameobjectdatabase\gameobjectdatabase\release\gameobje.b12702ad.tlog\cl.read.1.tlog
c:\users\jimbob\documents\visual studio 2013\projects\gameobjectdatabase\gameobjectdatabase\release\gameobje.b12702ad.tlog\cl.write.1.tlog
c:\users\jimbob\documents\visual studio 2013\projects\gameobjectdatabase\gameobjectdatabase\release\gameobje.b12702ad.tlog\custombuild.command.1.tlog
c:\users\jimbob\documents\visual studio 2013\projects\gameobjectdatabase\gameobjectdatabase\release\gameobje.b12702ad.tlog\custombuild.read.1.tlog
c:\users\jimbob\documents\visual studio 2013\projects\gameobjectdatabase\gameobjectdatabase\release\gameobje.b12702ad.tlog\custombuild.write.1.tlog
c:\users\jimbob\documents\visual studio 2013\projects\gameobjectdatabase\gameobjectdatabase\release\gameobje.b12702ad.tlog\link.command.1.tlog
c:\users\jimbob\documents\visual studio 2013\projects\gameobjectdatabase\gameobjectdatabase\release\gameobje.b12702ad.tlog\link.read.1.tlog
c:\users\jimbob\documents\visual studio 2013\projects\gameobjectdatabase\gameobjectdatabase\release\gameobje.b12702ad.tlog\link.write.1.tlog
