Build started 12/12/2015 10:46:52 PM.
     1>Project "C:\Users\Jimbob\Documents\Visual Studio 2013\Projects\GameObjectDatabase\GameObjectDatabase\GameObjectDatabase.vcxproj" on node 2 (Rebuild target(s)).
     1>CustomBuild:
         Moc'ing GameObjectDatabase.h...
         Moc'ing GameObjectDatabaseUser.h...
         Moc'ing GameObjectDatabaseAdmin.h...
         Rcc'ing GameObjectDatabase.qrc...
     1>RCC : warning : No resources in 'C:\Users\Jimbob\Documents\Visual Studio 2013\Projects\GameObjectDatabase\GameObjectDatabase\GameObjectDatabase.qrc'.
         
         Uic'ing GameObjectDatabaseAdmin.ui...
         Uic'ing GameObjectDatabase.ui...
         Uic'ing ViewObjectDialog.ui...
         Uic'ing ViewTableDialog.ui...
     1>C:\Users\Jimbob\Documents\Visual Studio 2013\Projects\GameObjectDatabase\GameObjectDatabase\ViewTableDialog.ui : warning : Buddy assignment: '' is not a valid widget.
         Uic'ing ModifyObjectDialog.ui...
         Uic'ing RemoveAllObjectsDialog.ui...
         Uic'ing RemoveObjectDialog.ui...
         Uic'ing AddObjectDialog.ui...
         Uic'ing GenerateObjectsDialog.ui...
         Uic'ing GameObjectDatabaseUser.ui...
       ClCompile:
         C:\Program Files (x86)\Microsoft Visual Studio 12.0\VC\bin\CL.exe /c /I.\GeneratedFiles /I. /IC:\Qt\Qt5.5.1\5.5\msvc2013\include /I.\GeneratedFiles\Release /IC:\Qt\Qt5.5.1\5.5\msvc2013\include\QtCore /IC:\Qt\Qt5.5.1\5.5\msvc2013\include\QtGui /IC:\Qt\Qt5.5.1\5.5\msvc2013\include\QtSql /IC:\Qt\Qt5.5.1\5.5\msvc2013\include\QtWidgets /I"C:\Users\Jimbob\Documents\Visual Studio 2013\MySQL\include" /I"C:\Users\Jimbob\Documents\Visual Studio 2013\Boost" /nologo /W1 /WX- /O2 /Oy- /D UNICODE /D WIN32 /D WIN64 /D QT_DLL /D QT_NO_DEBUG /D NDEBUG /D QT_CORE_LIB /D QT_GUI_LIB /D QT_SQL_LIB /D QT_WIDGETS_LIB /Gm- /EHsc /MD /GS /fp:precise /Zc:wchar_t /Zc:forScope /Fo"Release\\" /Fd"Release\vc120.pdb" /Gd /TP /analyze- /errorReport:prompt Database.cpp GameObjectDatabase.cpp GameObjectDatabaseAdmin.cpp GameObjectDatabaseUser.cpp GeneratedFiles\Release\moc_GameObjectDatabase.cpp GeneratedFiles\Release\moc_GameObjectDatabaseAdmin.cpp GeneratedFiles\Release\moc_GameObjectDatabaseUser.cpp main.cpp
         Database.cpp
         GameObjectDatabase.cpp
         GameObjectDatabaseAdmin.cpp
         GameObjectDatabaseUser.cpp
         moc_GameObjectDatabase.cpp
         moc_GameObjectDatabaseAdmin.cpp
         moc_GameObjectDatabaseUser.cpp
         main.cpp
         Generating Code...
         C:\Program Files (x86)\Microsoft Visual Studio 12.0\VC\bin\CL.exe /c /I.\GeneratedFiles /I. /IC:\Qt\Qt5.5.1\5.5\msvc2013\include /I.\GeneratedFiles\Release /IC:\Qt\Qt5.5.1\5.5\msvc2013\include\QtCore /IC:\Qt\Qt5.5.1\5.5\msvc2013\include\QtGui /IC:\Qt\Qt5.5.1\5.5\msvc2013\include\QtSql /IC:\Qt\Qt5.5.1\5.5\msvc2013\include\QtWidgets /I"C:\Users\Jimbob\Documents\Visual Studio 2013\MySQL\include" /I"C:\Users\Jimbob\Documents\Visual Studio 2013\Boost" /nologo /W1 /WX- /O2 /Oy- /D UNICODE /D WIN32 /D WIN64 /D QT_DLL /D QT_NO_DEBUG /D NDEBUG /D QT_CORE_LIB /D QT_GUI_LIB /D QT_SQL_LIB /D QT_WIDGETS_LIB /Gm- /EHsc /MD /GS /fp:precise /Zc:wchar_t /Zc:forScope /Fo"Release\\" /Fd"Release\vc120.pdb" /Gd /TP /analyze- /errorReport:prompt GeneratedFiles\qrc_GameObjectDatabase.cpp
         qrc_GameObjectDatabase.cpp
       Link:
         C:\Program Files (x86)\Microsoft Visual Studio 12.0\VC\bin\link.exe /ERRORREPORT:PROMPT /OUT:"C:\Users\Jimbob\Documents\Visual Studio 2013\Projects\GameObjectDatabase\Win32\Release\\GameObjectDatabase.exe" /NOLOGO /LIBPATH:C:\Qt\Qt5.5.1\5.5\msvc2013\lib /LIBPATH:"C:\Users\Jimbob\Documents\Visual Studio 2013\MySQL\lib\opt" qtmain.lib Qt5Core.lib Qt5Gui.lib Qt5Sql.lib Qt5Widgets.lib mysqlcppconn.lib kernel32.lib user32.lib gdi32.lib winspool.lib comdlg32.lib advapi32.lib shell32.lib ole32.lib oleaut32.lib uuid.lib odbc32.lib odbccp32.lib /MANIFEST /MANIFESTUAC:"level='asInvoker' uiAccess='false'" /manifest:embed /PDB:"C:\Users\Jimbob\Documents\Visual Studio 2013\Projects\GameObjectDatabase\Win32\Release\GameObjectDatabase.pdb" /SUBSYSTEM:WINDOWS /TLBID:1 /DYNAMICBASE /NXCOMPAT /IMPLIB:"C:\Users\Jimbob\Documents\Visual Studio 2013\Projects\GameObjectDatabase\Win32\Release\GameObjectDatabase.lib" /MACHINE:X86 /SAFESEH Release\Database.obj
         Release\GameObjectDatabase.obj
         Release\GameObjectDatabaseAdmin.obj
         Release\GameObjectDatabaseUser.obj
         Release\qrc_GameObjectDatabase.obj
         Release\moc_GameObjectDatabase.obj
         Release\moc_GameObjectDatabaseAdmin.obj
         Release\moc_GameObjectDatabaseUser.obj
         Release\main.obj
         GameObjectDatabase.vcxproj -> C:\Users\Jimbob\Documents\Visual Studio 2013\Projects\GameObjectDatabase\Win32\Release\GameObjectDatabase.exe
     1>Done Building Project "C:\Users\Jimbob\Documents\Visual Studio 2013\Projects\GameObjectDatabase\GameObjectDatabase\GameObjectDatabase.vcxproj" (Rebuild target(s)).

Build succeeded.

Time Elapsed 00:00:07.29
